{"/Users/woodrowbeverley/Projects/TDD_Practice/src/calc.ts": {"path":"/Users/woodrowbeverley/Projects/TDD_Practice/src/calc.ts","statementMap":{"0":{"start":{"line":3,"column":8},"end":{"line":3,"column":21}},"1":{"start":{"line":7,"column":0},"end":{"line":7,"column":26}}},"fnMap":{"0":{"name":"(anonymous_0)","decl":{"start":{"line":2,"column":4},"end":{"line":2,"column":7}},"loc":{"start":{"line":2,"column":28},"end":{"line":4,"column":5}}}},"branchMap":{},"s":{"0":2,"1":1},"f":{"0":2},"b":{}}
}
